This file contains any messages produced by compilers while
running configure, to aid debugging if configure makes a mistake.

It was created by libmapper configure 2.1.36+g1a996b0a, which was
generated by GNU Autoconf 2.71.  Invocation command line was

  $ ./configure

## --------- ##
## Platform. ##
## --------- ##

hostname = Jias-MacBook-Pro.local
uname -m = x86_64
uname -r = 20.5.0
uname -s = Darwin
uname -v = Darwin Kernel Version 20.5.0: Sat May  8 05:10:33 PDT 2021; root:xnu-7195.121.3~9/RELEASE_X86_64

/usr/bin/uname -p = i386
/bin/uname -X     = unknown

/bin/arch              = unknown
/usr/bin/arch -k       = unknown
/usr/convex/getsysinfo = unknown
/usr/bin/hostinfo      = Mach kernel version:
	 Darwin Kernel Version 20.5.0: Sat May  8 05:10:33 PDT 2021; root:xnu-7195.121.3~9/RELEASE_X86_64
Kernel configured for up to 12 processors.
6 processors are physically available.
12 processors are logically available.
Processor type: x86_64h (Intel x86-64h Haswell)
Processors active: 0 1 2 3 4 5 6 7 8 9 10 11
Primary memory available: 16.00 gigabytes
Default processor set: 653 tasks, 3270 threads, 12 processors
Load average: 2.08, Mach factor: 9.91
/bin/machine           = unknown
/usr/bin/oslevel       = unknown
/bin/universe          = unknown

PATH: /usr/local/bin/
PATH: /usr/bin/
PATH: /bin/
PATH: /usr/sbin/
PATH: /sbin/
PATH: /Library/Apple/usr/bin/


## ----------- ##
## Core tests. ##
## ----------- ##

configure:2858: looking for aux files: ltmain.sh config.guess config.sub compile missing install-sh
configure:2871:  trying ./
configure:2900:   ./ltmain.sh found
configure:2900:   ./config.guess found
configure:2900:   ./config.sub found
configure:2900:   ./compile found
configure:2900:   ./missing found
configure:2882:   ./install-sh found
configure:3050: checking for a BSD-compatible install
configure:3123: result: /usr/bin/install -c
configure:3134: checking whether build environment is sane
configure:3189: result: yes
configure:3348: checking for a race-free mkdir -p
configure:3392: result: ./install-sh -c -d
configure:3399: checking for gawk
configure:3434: result: no
configure:3399: checking for mawk
configure:3434: result: no
configure:3399: checking for nawk
configure:3434: result: no
configure:3399: checking for awk
configure:3420: found /usr/bin/awk
configure:3431: result: awk
configure:3442: checking whether make sets $(MAKE)
configure:3465: result: yes
configure:3495: checking whether make supports nested variables
configure:3513: result: yes
configure:3650: checking whether to enable maintainer-specific portions of Makefiles
configure:3660: result: no
configure:3685: checking whether make supports nested variables
configure:3703: result: yes
configure:3784: checking whether build environment is sane
configure:3839: result: yes
configure:3866: checking whether make supports the include directive
configure:3881: make -f confmf.GNU && cat confinc.out
this is the am__doit target
configure:3884: $? = 0
configure:3903: result: yes (GNU style)
configure:3979: checking for gcc
configure:4000: found /usr/bin/gcc
configure:4011: result: gcc
configure:4364: checking for C compiler version
configure:4373: gcc --version >&5
Apple clang version 13.0.0 (clang-1300.0.29.3)
Target: x86_64-apple-darwin20.5.0
Thread model: posix
InstalledDir: /Applications/Xcode.app/Contents/Developer/Toolchains/XcodeDefault.xctoolchain/usr/bin
Configured with: --prefix=/Applications/Xcode.app/Contents/Developer/usr --with-gxx-include-dir=/Applications/Xcode.app/Contents/Developer/Platforms/MacOSX.platform/Developer/SDKs/MacOSX.sdk/usr/include/c++/4.2.1
configure:4384: $? = 0
configure:4373: gcc -v >&5
Configured with: --prefix=/Applications/Xcode.app/Contents/Developer/usr --with-gxx-include-dir=/Applications/Xcode.app/Contents/Developer/Platforms/MacOSX.platform/Developer/SDKs/MacOSX.sdk/usr/include/c++/4.2.1
Apple clang version 13.0.0 (clang-1300.0.29.3)
Target: x86_64-apple-darwin20.5.0
Thread model: posix
InstalledDir: /Applications/Xcode.app/Contents/Developer/Toolchains/XcodeDefault.xctoolchain/usr/bin
configure:4384: $? = 0
configure:4373: gcc -V >&5
clang: error: argument to '-V' is missing (expected 1 value)
clang: error: no input files
configure:4384: $? = 1
configure:4373: gcc -qversion >&5
clang: error: unknown argument '-qversion'; did you mean '--version'?
clang: error: no input files
configure:4384: $? = 1
configure:4373: gcc -version >&5
clang: error: unknown argument '-version'; did you mean '--version'?
clang: error: no input files
configure:4384: $? = 1
configure:4404: checking whether the C compiler works
configure:4426: gcc    conftest.c  >&5
configure:4430: $? = 0
configure:4480: result: yes
configure:4483: checking for C compiler default output file name
configure:4485: result: a.out
configure:4491: checking for suffix of executables
configure:4498: gcc -o conftest    conftest.c  >&5
configure:4502: $? = 0
configure:4525: result: 
configure:4547: checking whether we are cross compiling
configure:4555: gcc -o conftest    conftest.c  >&5
configure:4559: $? = 0
configure:4566: ./conftest
configure:4570: $? = 0
configure:4585: result: no
configure:4590: checking for suffix of object files
configure:4613: gcc -c   conftest.c >&5
configure:4617: $? = 0
configure:4639: result: o
configure:4643: checking whether the compiler supports GNU C
configure:4663: gcc -c   conftest.c >&5
configure:4663: $? = 0
configure:4673: result: yes
configure:4684: checking whether gcc accepts -g
configure:4705: gcc -c -g  conftest.c >&5
configure:4705: $? = 0
configure:4749: result: yes
configure:4769: checking for gcc option to enable C11 features
configure:4784: gcc  -c -g -O2  conftest.c >&5
configure:4784: $? = 0
configure:4802: result: none needed
configure:4918: checking whether gcc understands -c and -o together
configure:4941: gcc -c conftest.c -o conftest2.o
configure:4944: $? = 0
configure:4941: gcc -c conftest.c -o conftest2.o
configure:4944: $? = 0
configure:4956: result: yes
configure:4975: checking dependency style of gcc
configure:5087: result: gcc3
configure:5107: checking for stdio.h
configure:5107: gcc -c -g -O2  conftest.c >&5
configure:5107: $? = 0
configure:5107: result: yes
configure:5107: checking for stdlib.h
configure:5107: gcc -c -g -O2  conftest.c >&5
configure:5107: $? = 0
configure:5107: result: yes
configure:5107: checking for string.h
configure:5107: gcc -c -g -O2  conftest.c >&5
configure:5107: $? = 0
configure:5107: result: yes
configure:5107: checking for inttypes.h
configure:5107: gcc -c -g -O2  conftest.c >&5
configure:5107: $? = 0
configure:5107: result: yes
configure:5107: checking for stdint.h
configure:5107: gcc -c -g -O2  conftest.c >&5
configure:5107: $? = 0
configure:5107: result: yes
configure:5107: checking for strings.h
configure:5107: gcc -c -g -O2  conftest.c >&5
configure:5107: $? = 0
configure:5107: result: yes
configure:5107: checking for sys/stat.h
configure:5107: gcc -c -g -O2  conftest.c >&5
configure:5107: $? = 0
configure:5107: result: yes
configure:5107: checking for sys/types.h
configure:5107: gcc -c -g -O2  conftest.c >&5
configure:5107: $? = 0
configure:5107: result: yes
configure:5107: checking for unistd.h
configure:5107: gcc -c -g -O2  conftest.c >&5
configure:5107: $? = 0
configure:5107: result: yes
configure:5132: checking for grep that handles long lines and -e
configure:5196: result: /usr/bin/grep
configure:5204: checking for egrep
configure:5272: result: /usr/bin/grep -E
configure:5278: checking for sys/time.h
configure:5278: gcc -c -g -O2  conftest.c >&5
configure:5278: $? = 0
configure:5278: result: yes
configure:5284: checking for unistd.h
configure:5284: result: yes
configure:5290: checking for termios.h
configure:5290: gcc -c -g -O2  conftest.c >&5
configure:5290: $? = 0
configure:5290: result: yes
configure:5296: checking for fcntl.h
configure:5296: gcc -c -g -O2  conftest.c >&5
configure:5296: $? = 0
configure:5296: result: yes
configure:5302: checking for errno.h
configure:5302: gcc -c -g -O2  conftest.c >&5
configure:5302: $? = 0
configure:5302: result: yes
configure:5309: checking for arpa/inet.h
configure:5309: gcc -c -g -O2  conftest.c >&5
configure:5309: $? = 0
configure:5309: result: yes
configure:5316: checking for zlib.h
configure:5316: gcc -c -g -O2  conftest.c >&5
configure:5316: $? = 0
configure:5316: result: yes
configure:5323: checking for winsock2.h
configure:5323: gcc -c -g -O2  conftest.c >&5
conftest.c:56:10: fatal error: 'winsock2.h' file not found
#include <winsock2.h>
         ^~~~~~~~~~~~
1 error generated.
configure:5323: $? = 1
configure: failed program was:
| /* confdefs.h */
| #define PACKAGE_NAME "libmapper"
| #define PACKAGE_TARNAME "libmapper"
| #define PACKAGE_VERSION "2.1.36+g1a996b0a"
| #define PACKAGE_STRING "libmapper 2.1.36+g1a996b0a"
| #define PACKAGE_BUGREPORT "dot_mapper@googlegroups.com"
| #define PACKAGE_URL "http://libmapper.org"
| #define PACKAGE "libmapper"
| #define VERSION "2.1.36+g1a996b0a"
| #define HAVE_STDIO_H 1
| #define HAVE_STDLIB_H 1
| #define HAVE_STRING_H 1
| #define HAVE_INTTYPES_H 1
| #define HAVE_STDINT_H 1
| #define HAVE_STRINGS_H 1
| #define HAVE_SYS_STAT_H 1
| #define HAVE_SYS_TYPES_H 1
| #define HAVE_UNISTD_H 1
| #define STDC_HEADERS 1
| #define HAVE_SYS_TIME_H 1
| #define HAVE_UNISTD_H 1
| #define HAVE_TERMIOS_H 1
| #define HAVE_FCNTL_H 1
| #define HAVE_ERRNO_H 1
| #define HAVE_ARPA_INET_H 1
| #define HAVE_ZLIB_H 1
| /* end confdefs.h.  */
| #include <stddef.h>
| #ifdef HAVE_STDIO_H
| # include <stdio.h>
| #endif
| #ifdef HAVE_STDLIB_H
| # include <stdlib.h>
| #endif
| #ifdef HAVE_STRING_H
| # include <string.h>
| #endif
| #ifdef HAVE_INTTYPES_H
| # include <inttypes.h>
| #endif
| #ifdef HAVE_STDINT_H
| # include <stdint.h>
| #endif
| #ifdef HAVE_STRINGS_H
| # include <strings.h>
| #endif
| #ifdef HAVE_SYS_TYPES_H
| # include <sys/types.h>
| #endif
| #ifdef HAVE_SYS_STAT_H
| # include <sys/stat.h>
| #endif
| #ifdef HAVE_UNISTD_H
| # include <unistd.h>
| #endif
| #include <winsock2.h>
configure:5323: result: no
configure:5330: checking for inttypes.h
configure:5330: result: yes
configure:5337: checking for inet_ptoa
configure:5337: gcc -o conftest -g -O2   conftest.c  >&5
Undefined symbols for architecture x86_64:
  "_inet_ptoa", referenced from:
      _main in conftest-093e12.o
ld: symbol(s) not found for architecture x86_64
clang: error: linker command failed with exit code 1 (use -v to see invocation)
configure:5337: $? = 1
configure: failed program was:
| /* confdefs.h */
| #define PACKAGE_NAME "libmapper"
| #define PACKAGE_TARNAME "libmapper"
| #define PACKAGE_VERSION "2.1.36+g1a996b0a"
| #define PACKAGE_STRING "libmapper 2.1.36+g1a996b0a"
| #define PACKAGE_BUGREPORT "dot_mapper@googlegroups.com"
| #define PACKAGE_URL "http://libmapper.org"
| #define PACKAGE "libmapper"
| #define VERSION "2.1.36+g1a996b0a"
| #define HAVE_STDIO_H 1
| #define HAVE_STDLIB_H 1
| #define HAVE_STRING_H 1
| #define HAVE_INTTYPES_H 1
| #define HAVE_STDINT_H 1
| #define HAVE_STRINGS_H 1
| #define HAVE_SYS_STAT_H 1
| #define HAVE_SYS_TYPES_H 1
| #define HAVE_UNISTD_H 1
| #define STDC_HEADERS 1
| #define HAVE_SYS_TIME_H 1
| #define HAVE_UNISTD_H 1
| #define HAVE_TERMIOS_H 1
| #define HAVE_FCNTL_H 1
| #define HAVE_ERRNO_H 1
| #define HAVE_ARPA_INET_H 1
| #define HAVE_ZLIB_H 1
| #define HAVE_INTTYPES_H 1
| /* end confdefs.h.  */
| /* Define inet_ptoa to an innocuous variant, in case <limits.h> declares inet_ptoa.
|    For example, HP-UX 11i <limits.h> declares gettimeofday.  */
| #define inet_ptoa innocuous_inet_ptoa
| 
| /* System header to define __stub macros and hopefully few prototypes,
|    which can conflict with char inet_ptoa (); below.  */
| 
| #include <limits.h>
| #undef inet_ptoa
| 
| /* Override any GCC internal prototype to avoid an error.
|    Use char because int might match the return type of a GCC
|    builtin and then its argument prototype would still apply.  */
| #ifdef __cplusplus
| extern "C"
| #endif
| char inet_ptoa ();
| /* The GNU C library defines this for functions which it implements
|     to always fail with ENOSYS.  Some functions are actually named
|     something starting with __ and the normal name is an alias.  */
| #if defined __stub_inet_ptoa || defined __stub___inet_ptoa
| choke me
| #endif
| 
| int
| main (void)
| {
| return inet_ptoa ();
|   ;
|   return 0;
| }
configure:5337: result: no
configure:5345: checking for getifaddrs
configure:5345: gcc -o conftest -g -O2   conftest.c  >&5
configure:5345: $? = 0
configure:5345: result: yes
configure:5403: checking for gettimeofday
configure:5403: gcc -o conftest -g -O2   conftest.c  >&5
configure:5403: $? = 0
configure:5403: result: yes
configure:5414: checking for gzread in -lz
configure:5437: gcc -o conftest -g -O2   conftest.c -lz   >&5
configure:5437: $? = 0
configure:5447: result: yes
configure:5478: checking for an ANSI C-conforming const
configure:5545: gcc -c -g -O2  conftest.c >&5
configure:5545: $? = 0
configure:5553: result: yes
configure:5561: checking for size_t
configure:5561: gcc -c -g -O2  conftest.c >&5
configure:5561: $? = 0
configure:5561: gcc -c -g -O2  conftest.c >&5
conftest.c:63:21: error: expected expression
if (sizeof ((size_t)))
                    ^
1 error generated.
configure:5561: $? = 1
configure: failed program was:
| /* confdefs.h */
| #define PACKAGE_NAME "libmapper"
| #define PACKAGE_TARNAME "libmapper"
| #define PACKAGE_VERSION "2.1.36+g1a996b0a"
| #define PACKAGE_STRING "libmapper 2.1.36+g1a996b0a"
| #define PACKAGE_BUGREPORT "dot_mapper@googlegroups.com"
| #define PACKAGE_URL "http://libmapper.org"
| #define PACKAGE "libmapper"
| #define VERSION "2.1.36+g1a996b0a"
| #define HAVE_STDIO_H 1
| #define HAVE_STDLIB_H 1
| #define HAVE_STRING_H 1
| #define HAVE_INTTYPES_H 1
| #define HAVE_STDINT_H 1
| #define HAVE_STRINGS_H 1
| #define HAVE_SYS_STAT_H 1
| #define HAVE_SYS_TYPES_H 1
| #define HAVE_UNISTD_H 1
| #define STDC_HEADERS 1
| #define HAVE_SYS_TIME_H 1
| #define HAVE_UNISTD_H 1
| #define HAVE_TERMIOS_H 1
| #define HAVE_FCNTL_H 1
| #define HAVE_ERRNO_H 1
| #define HAVE_ARPA_INET_H 1
| #define HAVE_ZLIB_H 1
| #define HAVE_INTTYPES_H 1
| #define HAVE_GETIFADDRS /**/
| #define HAVE_GETTIMEOFDAY /**/
| #define HAVE_LIBZ 1
| /* end confdefs.h.  */
| #include <stddef.h>
| #ifdef HAVE_STDIO_H
| # include <stdio.h>
| #endif
| #ifdef HAVE_STDLIB_H
| # include <stdlib.h>
| #endif
| #ifdef HAVE_STRING_H
| # include <string.h>
| #endif
| #ifdef HAVE_INTTYPES_H
| # include <inttypes.h>
| #endif
| #ifdef HAVE_STDINT_H
| # include <stdint.h>
| #endif
| #ifdef HAVE_STRINGS_H
| # include <strings.h>
| #endif
| #ifdef HAVE_SYS_TYPES_H
| # include <sys/types.h>
| #endif
| #ifdef HAVE_SYS_STAT_H
| # include <sys/stat.h>
| #endif
| #ifdef HAVE_UNISTD_H
| # include <unistd.h>
| #endif
| int
| main (void)
| {
| if (sizeof ((size_t)))
| 	    return 0;
|   ;
|   return 0;
| }
configure:5561: result: yes
configure:5626: checking for gcc
configure:5658: result: gcc
configure:6011: checking for C compiler version
configure:6020: gcc --version >&5
Apple clang version 13.0.0 (clang-1300.0.29.3)
Target: x86_64-apple-darwin20.5.0
Thread model: posix
InstalledDir: /Applications/Xcode.app/Contents/Developer/Toolchains/XcodeDefault.xctoolchain/usr/bin
Configured with: --prefix=/Applications/Xcode.app/Contents/Developer/usr --with-gxx-include-dir=/Applications/Xcode.app/Contents/Developer/Platforms/MacOSX.platform/Developer/SDKs/MacOSX.sdk/usr/include/c++/4.2.1
configure:6031: $? = 0
configure:6020: gcc -v >&5
Configured with: --prefix=/Applications/Xcode.app/Contents/Developer/usr --with-gxx-include-dir=/Applications/Xcode.app/Contents/Developer/Platforms/MacOSX.platform/Developer/SDKs/MacOSX.sdk/usr/include/c++/4.2.1
Apple clang version 13.0.0 (clang-1300.0.29.3)
Target: x86_64-apple-darwin20.5.0
Thread model: posix
InstalledDir: /Applications/Xcode.app/Contents/Developer/Toolchains/XcodeDefault.xctoolchain/usr/bin
configure:6031: $? = 0
configure:6020: gcc -V >&5
clang: error: argument to '-V' is missing (expected 1 value)
clang: error: no input files
configure:6031: $? = 1
configure:6020: gcc -qversion >&5
clang: error: unknown argument '-qversion'; did you mean '--version'?
clang: error: no input files
configure:6031: $? = 1
configure:6020: gcc -version >&5
clang: error: unknown argument '-version'; did you mean '--version'?
clang: error: no input files
configure:6031: $? = 1
configure:6035: checking whether the compiler supports GNU C
configure:6065: result: yes
configure:6076: checking whether gcc accepts -g
configure:6141: result: yes
configure:6161: checking for gcc option to enable C11 features
configure:6194: result: none needed
configure:6310: checking whether gcc understands -c and -o together
configure:6348: result: yes
configure:6367: checking dependency style of gcc
configure:6479: result: gcc3
configure:6565: checking for g++
configure:6586: found /usr/bin/g++
configure:6597: result: g++
configure:6624: checking for C++ compiler version
configure:6633: g++ --version >&5
Apple clang version 13.0.0 (clang-1300.0.29.3)
Target: x86_64-apple-darwin20.5.0
Thread model: posix
InstalledDir: /Applications/Xcode.app/Contents/Developer/Toolchains/XcodeDefault.xctoolchain/usr/bin
Configured with: --prefix=/Applications/Xcode.app/Contents/Developer/usr --with-gxx-include-dir=/Applications/Xcode.app/Contents/Developer/Platforms/MacOSX.platform/Developer/SDKs/MacOSX.sdk/usr/include/c++/4.2.1
configure:6644: $? = 0
configure:6633: g++ -v >&5
Configured with: --prefix=/Applications/Xcode.app/Contents/Developer/usr --with-gxx-include-dir=/Applications/Xcode.app/Contents/Developer/Platforms/MacOSX.platform/Developer/SDKs/MacOSX.sdk/usr/include/c++/4.2.1
Apple clang version 13.0.0 (clang-1300.0.29.3)
Target: x86_64-apple-darwin20.5.0
Thread model: posix
InstalledDir: /Applications/Xcode.app/Contents/Developer/Toolchains/XcodeDefault.xctoolchain/usr/bin
configure:6644: $? = 0
configure:6633: g++ -V >&5
clang: error: argument to '-V' is missing (expected 1 value)
clang: error: no input files
configure:6644: $? = 1
configure:6633: g++ -qversion >&5
clang: error: unknown argument '-qversion'; did you mean '--version'?
clang: error: no input files
configure:6644: $? = 1
configure:6648: checking whether the compiler supports GNU C++
configure:6668: g++ -c   conftest.cpp >&5
configure:6668: $? = 0
configure:6678: result: yes
configure:6689: checking whether g++ accepts -g
configure:6710: g++ -c -g  conftest.cpp >&5
configure:6710: $? = 0
configure:6754: result: yes
configure:6774: checking for g++ option to enable C++11 features
configure:6789: g++  -c -g -O2  conftest.cpp >&5
conftest.cpp:78:3: error: "Compiler does not advertise C++11 conformance"
# error "Compiler does not advertise C++11 conformance"
  ^
conftest.cpp:83:3: error: unknown type name 'constexpr'
  constexpr int get_val() { return 20; }
  ^
conftest.cpp:95:17: error: delegating constructors are permitted only in C++11
    delegate(): delegate(2354) {}
                ^~~~~~~~
conftest.cpp:106:26: warning: 'override' keyword is a C++11 extension [-Wc++11-extensions]
    virtual int getval() override final { return this->n * 2; }
                         ^
conftest.cpp:106:35: warning: 'final' keyword is a C++11 extension [-Wc++11-extensions]
    virtual int getval() override final { return this->n * 2; }
                                  ^
conftest.cpp:113:16: warning: defaulted function definitions are a C++11 extension [-Wc++11-extensions]
    nocopy() = default;
               ^
conftest.cpp:114:29: warning: deleted function definitions are a C++11 extension [-Wc++11-extensions]
    nocopy(const nocopy&) = delete;
                            ^
conftest.cpp:115:41: warning: deleted function definitions are a C++11 extension [-Wc++11-extensions]
    nocopy & operator=(const nocopy&) = delete;
                                        ^
conftest.cpp:127:25: warning: 'auto' type specifier is a C++11 extension [-Wc++11-extensions]
  template <typename V> auto sum(V first) -> V
                        ^
conftest.cpp:127:25: error: 'auto' not allowed in function return type
  template <typename V> auto sum(V first) -> V
                        ^~~~
conftest.cpp:127:42: error: expected ';' at end of declaration
  template <typename V> auto sum(V first) -> V
                                         ^
                                         ;
conftest.cpp:127:43: error: cannot use arrow operator on a type
  template <typename V> auto sum(V first) -> V
                                          ^
conftest.cpp:131:33: warning: variadic templates are a C++11 extension [-Wc++11-extensions]
  template <typename V, typename... Args> auto sum(V first, Args... rest) -> V
                                ^
conftest.cpp:131:43: warning: 'auto' type specifier is a C++11 extension [-Wc++11-extensions]
  template <typename V, typename... Args> auto sum(V first, Args... rest) -> V
                                          ^
conftest.cpp:131:43: error: 'auto' not allowed in function return type
  template <typename V, typename... Args> auto sum(V first, Args... rest) -> V
                                          ^~~~
conftest.cpp:131:74: error: expected ';' at end of declaration
  template <typename V, typename... Args> auto sum(V first, Args... rest) -> V
                                                                         ^
                                                                         ;
conftest.cpp:131:75: error: cannot use arrow operator on a type
  template <typename V, typename... Args> auto sum(V first, Args... rest) -> V
                                                                          ^
conftest.cpp:155:3: warning: 'auto' type specifier is a C++11 extension [-Wc++11-extensions]
  auto a1 = 6538;
  ^
conftest.cpp:156:3: warning: 'auto' type specifier is a C++11 extension [-Wc++11-extensions]
  auto a2 = 48573953.4;
  ^
conftest.cpp:157:3: warning: 'auto' type specifier is a C++11 extension [-Wc++11-extensions]
  auto a3 = "String literal";
  ^
conftest.cpp:160:8: warning: 'auto' type specifier is a C++11 extension [-Wc++11-extensions]
  for (auto i = a3; *i; ++i) { total += *i; }
       ^
conftest.cpp:176:8: warning: 'auto' type specifier is a C++11 extension [-Wc++11-extensions]
  for (auto &x : array) { x += 23; }
       ^
conftest.cpp:176:16: warning: range-based for loop is a C++11 extension [-Wc++11-extensions]
  for (auto &x : array) { x += 23; }
               ^
conftest.cpp:181:17: error: expected expression
  assert (eval ([](int x) { return x*2; }, 21) == 42);
                ^
conftest.cpp:183:17: error: expected expression
  assert (eval ([&](double x) { return d += x; }, 3.0) == 5.0);
                ^
conftest.cpp:185:17: error: expected expression
  assert (eval ([=](double x) mutable { return d += x; }, 4.0) == 9.0);
                ^
conftest.cpp:191:3: warning: 'auto' type specifier is a C++11 extension [-Wc++11-extensions]
  auto a = sum(1);
  ^
conftest.cpp:191:12: error: no matching function for call to 'sum'
  auto a = sum(1);
           ^~~
conftest.cpp:192:3: warning: 'auto' type specifier is a C++11 extension [-Wc++11-extensions]
  auto b = sum(1, 2);
  ^
conftest.cpp:192:12: error: no matching function for call to 'sum'
  auto b = sum(1, 2);
           ^~~
conftest.cpp:193:3: warning: 'auto' type specifier is a C++11 extension [-Wc++11-extensions]
  auto c = sum(1.0, 2.0, 3.0);
  ^
conftest.cpp:193:12: error: no matching function for call to 'sum'
  auto c = sum(1.0, 2.0, 3.0);
           ^~~
conftest.cpp:198:25: warning: empty parentheses interpreted as a function declaration [-Wvexing-parse]
  cxx11test::delegate d2();
                        ^~
conftest.cpp:198:25: note: remove parentheses to declare a variable
  cxx11test::delegate d2();
                        ^~
conftest.cpp:211:16: error: found '<::' after a template name which forms the digraph '<:' (aka '[') and a ':', did you mean '< ::'?
  test_template<::test_template<int>> v(test_template<int>(12));
               ^~~
               < ::
conftest.cpp:211:36: error: a space is required between consecutive right angle brackets (use '> >')
  test_template<::test_template<int>> v(test_template<int>(12));
                                   ^~
                                   > >
conftest.cpp:215:22: error: use of undeclared identifier 'u8'
  char const *utf8 = u8"UTF-8 string \u2500";
                     ^
conftest.cpp:215:24: error: expected ';' at end of declaration
  char const *utf8 = u8"UTF-8 string \u2500";
                       ^
                       ;
fatal error: too many errors emitted, stopping now [-ferror-limit=]
18 warnings and 20 errors generated.
configure:6789: $? = 1
configure: failed program was:
| /* confdefs.h */
| #define PACKAGE_NAME "libmapper"
| #define PACKAGE_TARNAME "libmapper"
| #define PACKAGE_VERSION "2.1.36+g1a996b0a"
| #define PACKAGE_STRING "libmapper 2.1.36+g1a996b0a"
| #define PACKAGE_BUGREPORT "dot_mapper@googlegroups.com"
| #define PACKAGE_URL "http://libmapper.org"
| #define PACKAGE "libmapper"
| #define VERSION "2.1.36+g1a996b0a"
| #define HAVE_STDIO_H 1
| #define HAVE_STDLIB_H 1
| #define HAVE_STRING_H 1
| #define HAVE_INTTYPES_H 1
| #define HAVE_STDINT_H 1
| #define HAVE_STRINGS_H 1
| #define HAVE_SYS_STAT_H 1
| #define HAVE_SYS_TYPES_H 1
| #define HAVE_UNISTD_H 1
| #define STDC_HEADERS 1
| #define HAVE_SYS_TIME_H 1
| #define HAVE_UNISTD_H 1
| #define HAVE_TERMIOS_H 1
| #define HAVE_FCNTL_H 1
| #define HAVE_ERRNO_H 1
| #define HAVE_ARPA_INET_H 1
| #define HAVE_ZLIB_H 1
| #define HAVE_INTTYPES_H 1
| #define HAVE_GETIFADDRS /**/
| #define HAVE_GETTIMEOFDAY /**/
| #define HAVE_LIBZ 1
| /* end confdefs.h.  */
| 
| // Does the compiler advertise C++98 conformance?
| #if !defined __cplusplus || __cplusplus < 199711L
| # error "Compiler does not advertise C++98 conformance"
| #endif
| 
| // These inclusions are to reject old compilers that
| // lack the unsuffixed header files.
| #include <cstdlib>
| #include <exception>
| 
| // <cassert> and <cstring> are *not* freestanding headers in C++98.
| extern void assert (int);
| namespace std {
|   extern int strcmp (const char *, const char *);
| }
| 
| // Namespaces, exceptions, and templates were all added after "C++ 2.0".
| using std::exception;
| using std::strcmp;
| 
| namespace {
| 
| void test_exception_syntax()
| {
|   try {
|     throw "test";
|   } catch (const char *s) {
|     // Extra parentheses suppress a warning when building autoconf itself,
|     // due to lint rules shared with more typical C programs.
|     assert (!(strcmp) (s, "test"));
|   }
| }
| 
| template <typename T> struct test_template
| {
|   T const val;
|   explicit test_template(T t) : val(t) {}
|   template <typename U> T add(U u) { return static_cast<T>(u) + val; }
| };
| 
| } // anonymous namespace
| 
| 
| // Does the compiler advertise C++ 2011 conformance?
| #if !defined __cplusplus || __cplusplus < 201103L
| # error "Compiler does not advertise C++11 conformance"
| #endif
| 
| namespace cxx11test
| {
|   constexpr int get_val() { return 20; }
| 
|   struct testinit
|   {
|     int i;
|     double d;
|   };
| 
|   class delegate
|   {
|   public:
|     delegate(int n) : n(n) {}
|     delegate(): delegate(2354) {}
| 
|     virtual int getval() { return this->n; };
|   protected:
|     int n;
|   };
| 
|   class overridden : public delegate
|   {
|   public:
|     overridden(int n): delegate(n) {}
|     virtual int getval() override final { return this->n * 2; }
|   };
| 
|   class nocopy
|   {
|   public:
|     nocopy(int i): i(i) {}
|     nocopy() = default;
|     nocopy(const nocopy&) = delete;
|     nocopy & operator=(const nocopy&) = delete;
|   private:
|     int i;
|   };
| 
|   // for testing lambda expressions
|   template <typename Ret, typename Fn> Ret eval(Fn f, Ret v)
|   {
|     return f(v);
|   }
| 
|   // for testing variadic templates and trailing return types
|   template <typename V> auto sum(V first) -> V
|   {
|     return first;
|   }
|   template <typename V, typename... Args> auto sum(V first, Args... rest) -> V
|   {
|     return first + sum(rest...);
|   }
| }
| 
| 
| int
| main (int argc, char **argv)
| {
|   int ok = 0;
|   
|   assert (argc);
|   assert (! argv[0]);
| {
|   test_exception_syntax ();
|   test_template<double> tt (2.0);
|   assert (tt.add (4) == 6.0);
|   assert (true && !false);
| }
| 
|   
| {
|   // Test auto and decltype
|   auto a1 = 6538;
|   auto a2 = 48573953.4;
|   auto a3 = "String literal";
| 
|   int total = 0;
|   for (auto i = a3; *i; ++i) { total += *i; }
| 
|   decltype(a2) a4 = 34895.034;
| }
| {
|   // Test constexpr
|   short sa[cxx11test::get_val()] = { 0 };
| }
| {
|   // Test initializer lists
|   cxx11test::testinit il = { 4323, 435234.23544 };
| }
| {
|   // Test range-based for
|   int array[] = {9, 7, 13, 15, 4, 18, 12, 10, 5, 3,
|                  14, 19, 17, 8, 6, 20, 16, 2, 11, 1};
|   for (auto &x : array) { x += 23; }
| }
| {
|   // Test lambda expressions
|   using cxx11test::eval;
|   assert (eval ([](int x) { return x*2; }, 21) == 42);
|   double d = 2.0;
|   assert (eval ([&](double x) { return d += x; }, 3.0) == 5.0);
|   assert (d == 5.0);
|   assert (eval ([=](double x) mutable { return d += x; }, 4.0) == 9.0);
|   assert (d == 5.0);
| }
| {
|   // Test use of variadic templates
|   using cxx11test::sum;
|   auto a = sum(1);
|   auto b = sum(1, 2);
|   auto c = sum(1.0, 2.0, 3.0);
| }
| {
|   // Test constructor delegation
|   cxx11test::delegate d1;
|   cxx11test::delegate d2();
|   cxx11test::delegate d3(45);
| }
| {
|   // Test override and final
|   cxx11test::overridden o1(55464);
| }
| {
|   // Test nullptr
|   char *c = nullptr;
| }
| {
|   // Test template brackets
|   test_template<::test_template<int>> v(test_template<int>(12));
| }
| {
|   // Unicode literals
|   char const *utf8 = u8"UTF-8 string \u2500";
|   char16_t const *utf16 = u"UTF-8 string \u2500";
|   char32_t const *utf32 = U"UTF-32 string \u2500";
| }
| 
|   return ok;
| }
| 
configure:6807: result: none needed
configure:6873: checking dependency style of g++
configure:6985: result: gcc3
configure:7008: checking build system type
configure:7023: result: x86_64-apple-darwin20.5.0
configure:7043: checking host system type
configure:7057: result: x86_64-apple-darwin20.5.0
configure:7457: checking how to print strings
configure:7484: result: printf
configure:7505: checking for a sed that does not truncate output
configure:7575: result: /usr/bin/sed
configure:7593: checking for fgrep
configure:7661: result: /usr/bin/grep -F
configure:7697: checking for ld used by gcc
configure:7765: result: /Applications/Xcode.app/Contents/Developer/Toolchains/XcodeDefault.xctoolchain/usr/bin/ld
configure:7772: checking if the linker (/Applications/Xcode.app/Contents/Developer/Toolchains/XcodeDefault.xctoolchain/usr/bin/ld) is GNU ld
configure:7788: result: no
configure:7800: checking for BSD- or MS-compatible name lister (nm)
configure:7855: result: /usr/bin/nm -B
configure:7995: checking the name lister (/usr/bin/nm -B) interface
configure:8003: gcc -c -g -O2  conftest.c >&5
configure:8006: /usr/bin/nm -B "conftest.o"
configure:8009: output
0000000000000240 S _some_variable
configure:8016: result: BSD nm
configure:8019: checking whether ln -s works
configure:8023: result: yes
configure:8031: checking the maximum length of command line arguments
configure:8163: result: 786432
configure:8211: checking how to convert x86_64-apple-darwin20.5.0 file names to x86_64-apple-darwin20.5.0 format
configure:8252: result: func_convert_file_noop
configure:8259: checking how to convert x86_64-apple-darwin20.5.0 file names to toolchain format
configure:8280: result: func_convert_file_noop
configure:8287: checking for /Applications/Xcode.app/Contents/Developer/Toolchains/XcodeDefault.xctoolchain/usr/bin/ld option to reload object files
configure:8295: result: -r
configure:8374: checking for objdump
configure:8406: result: objdump
configure:8435: checking how to recognize dependent libraries
configure:8636: result: pass_all
configure:8726: checking for dlltool
configure:8758: result: dlltool
configure:8788: checking how to associate runtime and link libraries
configure:8816: result: printf %s\n
configure:8881: checking for ar
configure:8902: found /usr/bin/ar
configure:8913: result: ar
configure:8950: checking for archiver @FILE support
configure:8968: gcc -c -g -O2  conftest.c >&5
configure:8968: $? = 0
configure:8972: ar cru libconftest.a @conftest.lst >&5
ar: @conftest.lst: No such file or directory
configure:8975: $? = 1
configure:8995: result: no
configure:9058: checking for strip
configure:9079: found /usr/bin/strip
configure:9090: result: strip
configure:9167: checking for ranlib
configure:9188: found /usr/bin/ranlib
configure:9199: result: ranlib
configure:9301: checking command to parse /usr/bin/nm -B output from gcc object
configure:9455: gcc -c -g -O2  conftest.c >&5
configure:9458: $? = 0
configure:9462: /usr/bin/nm -B conftest.o \| sed -n -e 's/^.*[ ]\([BCDEGRST][BCDEGRST]*\)[ ][ ]*\([_A-Za-z][_A-Za-z0-9]*\)$/\1 \2 \2/p' | sed '/ __gnu_lto/d' \> conftest.nm
configure:9465: $? = 0
cannot find nm_test_var in conftest.nm
configure:9455: gcc -c -g -O2  conftest.c >&5
configure:9458: $? = 0
configure:9462: /usr/bin/nm -B conftest.o \| sed -n -e 's/^.*[ ]\([BCDEGRST][BCDEGRST]*\)[ ][ ]*_\([_A-Za-z][_A-Za-z0-9]*\)$/\1 _\2 \2/p' | sed '/ __gnu_lto/d' \> conftest.nm
configure:9465: $? = 0
configure:9531: gcc -o conftest -g -O2   conftest.c conftstm.o >&5
warning: (x86_64)  could not find object file symbol for symbol _main
configure:9534: $? = 0
configure:9572: result: ok
configure:9619: checking for sysroot
configure:9650: result: no
configure:9657: checking for a working dd
configure:9701: result: /bin/dd
configure:9705: checking how to truncate binary pipes
configure:9721: result: /bin/dd bs=4096 count=1
configure:10058: checking for mt
configure:10093: result: no
configure:10113: checking if : is a manifest tool
configure:10120: : '-?'
configure:10128: result: no
configure:10189: checking for dsymutil
configure:10210: found /usr/bin/dsymutil
configure:10221: result: dsymutil
configure:10291: checking for nmedit
configure:10312: found /usr/bin/nmedit
configure:10323: result: nmedit
configure:10393: checking for lipo
configure:10414: found /usr/bin/lipo
configure:10425: result: lipo
configure:10495: checking for otool
configure:10516: found /usr/bin/otool
configure:10527: result: otool
configure:10597: checking for otool64
configure:10632: result: no
configure:10677: checking for -single_module linker flag
gcc -g -O2  -o libconftest.dylib -dynamiclib -Wl,-single_module conftest.c
configure:10711: result: yes
configure:10714: checking for -exported_symbols_list linker flag
configure:10735: gcc -o conftest -g -O2   -Wl,-exported_symbols_list,conftest.sym conftest.c -lz  >&5
configure:10735: $? = 0
configure:10746: result: yes
configure:10749: checking for -force_load linker flag
gcc -g -O2 -c -o conftest.o conftest.c
ar cru libconftest.a conftest.o
ranlib libconftest.a
gcc -g -O2  -o conftest conftest.c -Wl,-force_load,./libconftest.a
configure:10782: result: yes
configure:10849: checking for dlfcn.h
configure:10849: gcc -c -g -O2  conftest.c >&5
configure:10849: $? = 0
configure:10849: result: yes
configure:11055: checking for objdir
configure:11071: result: .libs
configure:11335: checking if gcc supports -fno-rtti -fno-exceptions
configure:11354: gcc -c -g -O2  -fno-rtti -fno-exceptions conftest.c >&5
configure:11358: $? = 0
configure:11371: result: yes
configure:11729: checking for gcc option to produce PIC
configure:11737: result: -fno-common -DPIC
configure:11745: checking if gcc PIC flag -fno-common -DPIC works
configure:11764: gcc -c -g -O2  -fno-common -DPIC -DPIC conftest.c >&5
configure:11768: $? = 0
configure:11781: result: yes
configure:11810: checking if gcc static flag -static works
configure:11839: result: no
configure:11854: checking if gcc supports -c -o file.o
configure:11876: gcc -c -g -O2  -o out/conftest2.o conftest.c >&5
configure:11880: $? = 0
configure:11902: result: yes
configure:11910: checking if gcc supports -c -o file.o
configure:11958: result: yes
configure:11991: checking whether the gcc linker (/Applications/Xcode.app/Contents/Developer/Toolchains/XcodeDefault.xctoolchain/usr/bin/ld) supports shared libraries
configure:13257: result: yes
configure:13498: checking dynamic linker characteristics
configure:14319: result: darwin20.5.0 dyld
configure:14441: checking how to hardcode library paths into programs
configure:14466: result: immediate
configure:15018: checking whether stripping libraries is possible
configure:15032: result: yes
configure:15058: checking if libtool supports shared libraries
configure:15060: result: yes
configure:15063: checking whether to build shared libraries
configure:15088: result: yes
configure:15091: checking whether to build static libraries
configure:15095: result: no
configure:15118: checking how to run the C++ preprocessor
configure:15140: g++ -E  conftest.cpp
configure:15140: $? = 0
configure:15155: g++ -E  conftest.cpp
conftest.cpp:34:10: fatal error: 'ac_nonexistent.h' file not found
#include <ac_nonexistent.h>
         ^~~~~~~~~~~~~~~~~~
1 error generated.
configure:15155: $? = 1
configure: failed program was:
| /* confdefs.h */
| #define PACKAGE_NAME "libmapper"
| #define PACKAGE_TARNAME "libmapper"
| #define PACKAGE_VERSION "2.1.36+g1a996b0a"
| #define PACKAGE_STRING "libmapper 2.1.36+g1a996b0a"
| #define PACKAGE_BUGREPORT "dot_mapper@googlegroups.com"
| #define PACKAGE_URL "http://libmapper.org"
| #define PACKAGE "libmapper"
| #define VERSION "2.1.36+g1a996b0a"
| #define HAVE_STDIO_H 1
| #define HAVE_STDLIB_H 1
| #define HAVE_STRING_H 1
| #define HAVE_INTTYPES_H 1
| #define HAVE_STDINT_H 1
| #define HAVE_STRINGS_H 1
| #define HAVE_SYS_STAT_H 1
| #define HAVE_SYS_TYPES_H 1
| #define HAVE_UNISTD_H 1
| #define STDC_HEADERS 1
| #define HAVE_SYS_TIME_H 1
| #define HAVE_UNISTD_H 1
| #define HAVE_TERMIOS_H 1
| #define HAVE_FCNTL_H 1
| #define HAVE_ERRNO_H 1
| #define HAVE_ARPA_INET_H 1
| #define HAVE_ZLIB_H 1
| #define HAVE_INTTYPES_H 1
| #define HAVE_GETIFADDRS /**/
| #define HAVE_GETTIMEOFDAY /**/
| #define HAVE_LIBZ 1
| #define HAVE_DLFCN_H 1
| #define LT_OBJDIR ".libs/"
| /* end confdefs.h.  */
| #include <ac_nonexistent.h>
configure:15182: result: g++ -E
configure:15196: g++ -E  conftest.cpp
configure:15196: $? = 0
configure:15211: g++ -E  conftest.cpp
conftest.cpp:34:10: fatal error: 'ac_nonexistent.h' file not found
#include <ac_nonexistent.h>
         ^~~~~~~~~~~~~~~~~~
1 error generated.
configure:15211: $? = 1
configure: failed program was:
| /* confdefs.h */
| #define PACKAGE_NAME "libmapper"
| #define PACKAGE_TARNAME "libmapper"
| #define PACKAGE_VERSION "2.1.36+g1a996b0a"
| #define PACKAGE_STRING "libmapper 2.1.36+g1a996b0a"
| #define PACKAGE_BUGREPORT "dot_mapper@googlegroups.com"
| #define PACKAGE_URL "http://libmapper.org"
| #define PACKAGE "libmapper"
| #define VERSION "2.1.36+g1a996b0a"
| #define HAVE_STDIO_H 1
| #define HAVE_STDLIB_H 1
| #define HAVE_STRING_H 1
| #define HAVE_INTTYPES_H 1
| #define HAVE_STDINT_H 1
| #define HAVE_STRINGS_H 1
| #define HAVE_SYS_STAT_H 1
| #define HAVE_SYS_TYPES_H 1
| #define HAVE_UNISTD_H 1
| #define STDC_HEADERS 1
| #define HAVE_SYS_TIME_H 1
| #define HAVE_UNISTD_H 1
| #define HAVE_TERMIOS_H 1
| #define HAVE_FCNTL_H 1
| #define HAVE_ERRNO_H 1
| #define HAVE_ARPA_INET_H 1
| #define HAVE_ZLIB_H 1
| #define HAVE_INTTYPES_H 1
| #define HAVE_GETIFADDRS /**/
| #define HAVE_GETTIMEOFDAY /**/
| #define HAVE_LIBZ 1
| #define HAVE_DLFCN_H 1
| #define LT_OBJDIR ".libs/"
| /* end confdefs.h.  */
| #include <ac_nonexistent.h>
configure:15376: checking for ld used by g++
configure:15444: result: /Applications/Xcode.app/Contents/Developer/Toolchains/XcodeDefault.xctoolchain/usr/bin/ld
configure:15451: checking if the linker (/Applications/Xcode.app/Contents/Developer/Toolchains/XcodeDefault.xctoolchain/usr/bin/ld) is GNU ld
configure:15467: result: no
configure:15522: checking whether the g++ linker (/Applications/Xcode.app/Contents/Developer/Toolchains/XcodeDefault.xctoolchain/usr/bin/ld) supports shared libraries
configure:16599: result: yes
configure:16635: g++ -c -g -O2  conftest.cpp >&5
configure:16638: $? = 0
configure:17119: checking for g++ option to produce PIC
configure:17127: result: -fno-common -DPIC
configure:17135: checking if g++ PIC flag -fno-common -DPIC works
configure:17154: g++ -c -g -O2  -fno-common -DPIC -DPIC conftest.cpp >&5
configure:17158: $? = 0
configure:17171: result: yes
configure:17194: checking if g++ static flag -static works
configure:17223: result: no
configure:17235: checking if g++ supports -c -o file.o
configure:17257: g++ -c -g -O2  -o out/conftest2.o conftest.cpp >&5
configure:17261: $? = 0
configure:17283: result: yes
configure:17288: checking if g++ supports -c -o file.o
configure:17336: result: yes
configure:17366: checking whether the g++ linker (/Applications/Xcode.app/Contents/Developer/Toolchains/XcodeDefault.xctoolchain/usr/bin/ld) supports shared libraries
configure:17406: result: yes
configure:17548: checking dynamic linker characteristics
configure:18296: result: darwin20.5.0 dyld
configure:18361: checking how to hardcode library paths into programs
configure:18386: result: immediate
configure:18596: checking whether C++11 lambdas are supported
configure:18610: g++ -c -g -O2 -std=c++11  conftest.cpp >&5
conftest.cpp:38:40: warning: expression result unused [-Wunused-value]
[](std::function<void()> f){f();}([](){0;});
                                       ^
1 warning generated.
configure:18610: $? = 0
configure:18612: result: yes
configure:18674: checking whether to add -Qunused-arguments (C++)
configure:18689: g++ -c -g -O2 -std=c++11 -Qunused-arguments  conftest.cpp >&5
configure:18689: $? = 0
configure:18691: result: yes
configure:18788: checking for winsock2.h
configure:18788: result: no
configure:18809: checking for library containing pthread_create
configure:18839: gcc -o conftest -g -O2   conftest.c -lz   >&5
configure:18839: $? = 0
configure:18859: result: none required
configure:18922: checking for a Python interpreter with version >= 2.3
configure:18940: python -c import sys # split strings by '.' and convert to numeric. Append some zeros # because we need at least 4 digits for the hex conversion. # map returns an iterator in Python 3.0 and a list in 2.x minver = list(map(int, '2.3'.split('.'))) + [0, 0, 0] minverhex = 0 # xrange is not present in Python 3.0 and range returns an iterator for i in list(range(0, 4)): minverhex = (minverhex << 8) + minver[i] sys.exit(sys.hexversion < minverhex)
configure:18943: $? = 0
configure:18950: result: python
configure:18958: checking for python
configure:18981: found /usr/bin/python
configure:18993: result: /usr/bin/python
configure:19010: checking for python version
configure:19018: result: 2.7
configure:19023: checking for python platform
configure:19031: result: darwin
configure:19092: checking for GNU default python prefix
configure:19094: result: ${prefix}
configure:19160: checking for GNU default python exec_prefix
configure:19162: result: ${exec_prefix}
configure:19193: checking for python script directory (pythondir)
configure:19228: result: ${PYTHON_PREFIX}/lib/python2.7/site-packages
configure:19236: checking for python extension module directory (pyexecdir)
configure:19271: result: ${PYTHON_EXEC_PREFIX}/lib/python2.7/site-packages
configure:19297: checking JDK path
configure:19318: result: 
configure:19349: checking for javac
configure:19372: found /usr/bin/javac
configure:19384: result: /usr/bin/javac
configure:19394: checking for jar
configure:19417: found /usr/bin/jar
configure:19429: result: /usr/bin/jar
configure:19446: checking for jni.h
configure:19446: gcc -c -g -O2 -I  conftest.c >&5
clang: error: no input files
configure:19446: $? = 1
configure: failed program was:
| /* confdefs.h */
| #define PACKAGE_NAME "libmapper"
| #define PACKAGE_TARNAME "libmapper"
| #define PACKAGE_VERSION "2.1.36+g1a996b0a"
| #define PACKAGE_STRING "libmapper 2.1.36+g1a996b0a"
| #define PACKAGE_BUGREPORT "dot_mapper@googlegroups.com"
| #define PACKAGE_URL "http://libmapper.org"
| #define PACKAGE "libmapper"
| #define VERSION "2.1.36+g1a996b0a"
| #define HAVE_STDIO_H 1
| #define HAVE_STDLIB_H 1
| #define HAVE_STRING_H 1
| #define HAVE_INTTYPES_H 1
| #define HAVE_STDINT_H 1
| #define HAVE_STRINGS_H 1
| #define HAVE_SYS_STAT_H 1
| #define HAVE_SYS_TYPES_H 1
| #define HAVE_UNISTD_H 1
| #define STDC_HEADERS 1
| #define HAVE_SYS_TIME_H 1
| #define HAVE_UNISTD_H 1
| #define HAVE_TERMIOS_H 1
| #define HAVE_FCNTL_H 1
| #define HAVE_ERRNO_H 1
| #define HAVE_ARPA_INET_H 1
| #define HAVE_ZLIB_H 1
| #define HAVE_INTTYPES_H 1
| #define HAVE_GETIFADDRS /**/
| #define HAVE_GETTIMEOFDAY /**/
| #define HAVE_LIBZ 1
| #define HAVE_DLFCN_H 1
| #define LT_OBJDIR ".libs/"
| #define HAVE_LIBPTHREAD 1
| #define ENABLE_THREADS 1
| /* end confdefs.h.  */
| #include <stddef.h>
| #ifdef HAVE_STDIO_H
| # include <stdio.h>
| #endif
| #ifdef HAVE_STDLIB_H
| # include <stdlib.h>
| #endif
| #ifdef HAVE_STRING_H
| # include <string.h>
| #endif
| #ifdef HAVE_INTTYPES_H
| # include <inttypes.h>
| #endif
| #ifdef HAVE_STDINT_H
| # include <stdint.h>
| #endif
| #ifdef HAVE_STRINGS_H
| # include <strings.h>
| #endif
| #ifdef HAVE_SYS_TYPES_H
| # include <sys/types.h>
| #endif
| #ifdef HAVE_SYS_STAT_H
| # include <sys/stat.h>
| #endif
| #ifdef HAVE_UNISTD_H
| # include <unistd.h>
| #endif
| #include <jni.h>
configure:19446: result: no
configure:19466: checking for csc
configure:19501: result: no
configure:19685: checking for pkg-config
configure:19708: found /usr/local/bin/pkg-config
configure:19720: result: /usr/local/bin/pkg-config
configure:19745: checking pkg-config is at least version 0.9.0
configure:19748: result: yes
configure:19771: checking for liblo
configure:19779: $PKG_CONFIG --exists --print-errors "liblo >= 0.30"
configure:19782: $? = 0
configure:19797: $PKG_CONFIG --exists --print-errors "liblo >= 0.30"
configure:19800: $? = 0
configure:19855: result: yes
configure:19875: checking for lo_address_set_iface
configure:19875: gcc -o conftest -g -O2   conftest.c -lz   -L/usr/local/Cellar/liblo/0.31/lib -llo  >&5
configure:19875: $? = 0
configure:19875: result: yes
configure:19883: checking for lo_server_new_multicast_iface
configure:19883: gcc -o conftest -g -O2   conftest.c -lz   -L/usr/local/Cellar/liblo/0.31/lib -llo  >&5
configure:19883: $? = 0
configure:19883: result: yes
configure:19891: checking for lo_bundle_count
configure:19891: gcc -o conftest -g -O2   conftest.c -lz   -L/usr/local/Cellar/liblo/0.31/lib -llo  >&5
configure:19891: $? = 0
configure:19891: result: yes
configure:19899: checking for lo_servers_recv_noblock
configure:19899: gcc -o conftest -g -O2   conftest.c -lz   -L/usr/local/Cellar/liblo/0.31/lib -llo  >&5
configure:19899: $? = 0
configure:19899: result: yes
configure:20093: checking that generated files are newer than configure
configure:20099: result: done
configure:20113: checking that generated files are newer than configure
configure:20119: result: done
configure:20178: creating ./config.status

## ---------------------- ##
## Running config.status. ##
## ---------------------- ##

This file was extended by libmapper config.status 2.1.36+g1a996b0a, which was
generated by GNU Autoconf 2.71.  Invocation command line was

  CONFIG_FILES    = 
  CONFIG_HEADERS  = 
  CONFIG_LINKS    = 
  CONFIG_COMMANDS = 
  $ ./config.status 

on Jias-MacBook-Pro.local

config.status:1224: creating Makefile
config.status:1224: creating src/Makefile
config.status:1224: creating include/Makefile
config.status:1224: creating test/Makefile
config.status:1224: creating doc/Makefile
config.status:1224: creating doc/libmapper.doxyfile
config.status:1224: creating jni/Makefile
config.status:1224: creating jni/mapper/NativeLib.java
config.status:1224: creating bindings/Makefile
config.status:1224: creating bindings/csharp/Makefile
config.status:1224: creating bindings/python/Makefile
config.status:1224: creating bindings/python/setup.py
config.status:1224: creating examples/Makefile
config.status:1224: creating examples/pwm_synth/Makefile
config.status:1224: creating extra/Makefile
config.status:1224: creating extra/macOS/Makefile
config.status:1224: creating libmapper.pc
config.status:1224: creating src/config.h
config.status:1405: src/config.h is unchanged
config.status:1453: executing depfiles commands
config.status:1530: cd src       && sed -e '/# am--include-marker/d' Makefile         | make -f - am--depfiles
make: Nothing to be done for `am--depfiles'.
config.status:1535: $? = 0
config.status:1530: cd test       && sed -e '/# am--include-marker/d' Makefile         | make -f - am--depfiles
make: Nothing to be done for `am--depfiles'.
config.status:1535: $? = 0
config.status:1530: cd jni       && sed -e '/# am--include-marker/d' Makefile         | make -f - am--depfiles
make: Nothing to be done for `am--depfiles'.
config.status:1535: $? = 0
config.status:1530: cd examples       && sed -e '/# am--include-marker/d' Makefile         | make -f - am--depfiles
make: Nothing to be done for `am--depfiles'.
config.status:1535: $? = 0
config.status:1530: cd examples/pwm_synth       && sed -e '/# am--include-marker/d' Makefile         | make -f - am--depfiles
make: Nothing to be done for `am--depfiles'.
config.status:1535: $? = 0
config.status:1453: executing libtool commands

## ---------------- ##
## Cache variables. ##
## ---------------- ##

ac_cv_build=x86_64-apple-darwin20.5.0
ac_cv_c_compiler_gnu=yes
ac_cv_c_const=yes
ac_cv_cxx_compiler_gnu=yes
ac_cv_env_CCC_set=
ac_cv_env_CCC_value=
ac_cv_env_CC_set=
ac_cv_env_CC_value=
ac_cv_env_CFLAGS_set=
ac_cv_env_CFLAGS_value=
ac_cv_env_CPPFLAGS_set=
ac_cv_env_CPPFLAGS_value=
ac_cv_env_CXXCPP_set=
ac_cv_env_CXXCPP_value=
ac_cv_env_CXXFLAGS_set=
ac_cv_env_CXXFLAGS_value=
ac_cv_env_CXX_set=
ac_cv_env_CXX_value=
ac_cv_env_LDFLAGS_set=
ac_cv_env_LDFLAGS_value=
ac_cv_env_LIBS_set=
ac_cv_env_LIBS_value=
ac_cv_env_LT_SYS_LIBRARY_PATH_set=
ac_cv_env_LT_SYS_LIBRARY_PATH_value=
ac_cv_env_PKG_CONFIG_set=
ac_cv_env_PKG_CONFIG_value=
ac_cv_env_PYTHON_set=
ac_cv_env_PYTHON_value=
ac_cv_env_build_alias_set=
ac_cv_env_build_alias_value=
ac_cv_env_host_alias_set=
ac_cv_env_host_alias_value=
ac_cv_env_liblo_CFLAGS_set=
ac_cv_env_liblo_CFLAGS_value=
ac_cv_env_liblo_LIBS_set=
ac_cv_env_liblo_LIBS_value=
ac_cv_env_target_alias_set=
ac_cv_env_target_alias_value=
ac_cv_func_getifaddrs=yes
ac_cv_func_gettimeofday=yes
ac_cv_func_inet_ptoa=no
ac_cv_func_lo_address_set_iface=yes
ac_cv_func_lo_bundle_count=yes
ac_cv_func_lo_server_new_multicast_iface=yes
ac_cv_func_lo_servers_recv_noblock=yes
ac_cv_header_arpa_inet_h=yes
ac_cv_header_dlfcn_h=yes
ac_cv_header_errno_h=yes
ac_cv_header_fcntl_h=yes
ac_cv_header_inttypes_h=yes
ac_cv_header_jni_h=no
ac_cv_header_stdint_h=yes
ac_cv_header_stdio_h=yes
ac_cv_header_stdlib_h=yes
ac_cv_header_string_h=yes
ac_cv_header_strings_h=yes
ac_cv_header_sys_stat_h=yes
ac_cv_header_sys_time_h=yes
ac_cv_header_sys_types_h=yes
ac_cv_header_termios_h=yes
ac_cv_header_unistd_h=yes
ac_cv_header_winsock2_h=no
ac_cv_header_zlib_h=yes
ac_cv_host=x86_64-apple-darwin20.5.0
ac_cv_lib_z_gzread=yes
ac_cv_objext=o
ac_cv_path_EGREP='/usr/bin/grep -E'
ac_cv_path_FGREP='/usr/bin/grep -F'
ac_cv_path_GREP=/usr/bin/grep
ac_cv_path_JAR=/usr/bin/jar
ac_cv_path_JAVAC=/usr/bin/javac
ac_cv_path_PYTHON=/usr/bin/python
ac_cv_path_SED=/usr/bin/sed
ac_cv_path_ac_pt_PKG_CONFIG=/usr/local/bin/pkg-config
ac_cv_path_install='/usr/bin/install -c'
ac_cv_path_lt_DD=/bin/dd
ac_cv_prog_AWK=awk
ac_cv_prog_CXXCPP='g++ -E'
ac_cv_prog_ac_ct_AR=ar
ac_cv_prog_ac_ct_CC=gcc
ac_cv_prog_ac_ct_CXX=g++
ac_cv_prog_ac_ct_DLLTOOL=dlltool
ac_cv_prog_ac_ct_DSYMUTIL=dsymutil
ac_cv_prog_ac_ct_LIPO=lipo
ac_cv_prog_ac_ct_NMEDIT=nmedit
ac_cv_prog_ac_ct_OBJDUMP=objdump
ac_cv_prog_ac_ct_OTOOL=otool
ac_cv_prog_ac_ct_RANLIB=ranlib
ac_cv_prog_ac_ct_STRIP=strip
ac_cv_prog_cc_c11=
ac_cv_prog_cc_g=yes
ac_cv_prog_cc_stdc=
ac_cv_prog_cxx_11=no
ac_cv_prog_cxx_g=yes
ac_cv_prog_cxx_stdcxx=
ac_cv_prog_make_make_set=yes
ac_cv_search_pthread_create='none required'
ac_cv_type_size_t=yes
am_cv_CC_dependencies_compiler_type=gcc3
am_cv_CXX_dependencies_compiler_type=gcc3
am_cv_make_support_nested_variables=yes
am_cv_pathless_PYTHON=python
am_cv_prog_cc_c_o=yes
am_cv_python_platform=darwin
am_cv_python_pyexecdir='${PYTHON_EXEC_PREFIX}/lib/python2.7/site-packages'
am_cv_python_pythondir='${PYTHON_PREFIX}/lib/python2.7/site-packages'
am_cv_python_version=2.7
lt_cv_apple_cc_single_mod=yes
lt_cv_ar_at_file=no
lt_cv_deplibs_check_method=pass_all
lt_cv_file_magic_cmd='$MAGIC_CMD'
lt_cv_file_magic_test_file=
lt_cv_ld_exported_symbols_list=yes
lt_cv_ld_force_load=yes
lt_cv_ld_reload_flag=-r
lt_cv_nm_interface='BSD nm'
lt_cv_objdir=.libs
lt_cv_path_LD=/Applications/Xcode.app/Contents/Developer/Toolchains/XcodeDefault.xctoolchain/usr/bin/ld
lt_cv_path_LDCXX=/Applications/Xcode.app/Contents/Developer/Toolchains/XcodeDefault.xctoolchain/usr/bin/ld
lt_cv_path_NM='/usr/bin/nm -B'
lt_cv_path_mainfest_tool=no
lt_cv_prog_compiler_c_o=yes
lt_cv_prog_compiler_c_o_CXX=yes
lt_cv_prog_compiler_pic='-fno-common -DPIC'
lt_cv_prog_compiler_pic_CXX='-fno-common -DPIC'
lt_cv_prog_compiler_pic_works=yes
lt_cv_prog_compiler_pic_works_CXX=yes
lt_cv_prog_compiler_rtti_exceptions=yes
lt_cv_prog_compiler_static_works=no
lt_cv_prog_compiler_static_works_CXX=no
lt_cv_prog_gnu_ld=no
lt_cv_prog_gnu_ldcxx=no
lt_cv_sharedlib_from_linklib_cmd='printf %s\n'
lt_cv_sys_global_symbol_pipe='sed -n -e '\''s/^.*[	 ]\([BCDEGRST][BCDEGRST]*\)[	 ][	 ]*_\([_A-Za-z][_A-Za-z0-9]*\)$/\1 _\2 \2/p'\'' | sed '\''/ __gnu_lto/d'\'''
lt_cv_sys_global_symbol_to_c_name_address='sed -n -e '\''s/^: \(.*\) .*$/  {"\1", (void *) 0},/p'\'' -e '\''s/^[BCDEGRST][BCDEGRST]* .* \(.*\)$/  {"\1", (void *) \&\1},/p'\'''
lt_cv_sys_global_symbol_to_c_name_address_lib_prefix='sed -n -e '\''s/^: \(.*\) .*$/  {"\1", (void *) 0},/p'\'' -e '\''s/^[BCDEGRST][BCDEGRST]* .* \(lib.*\)$/  {"\1", (void *) \&\1},/p'\'' -e '\''s/^[BCDEGRST][BCDEGRST]* .* \(.*\)$/  {"lib\1", (void *) \&\1},/p'\'''
lt_cv_sys_global_symbol_to_cdecl='sed -n -e '\''s/^T .* \(.*\)$/extern int \1();/p'\'' -e '\''s/^[BCDEGRST][BCDEGRST]* .* \(.*\)$/extern char \1;/p'\'''
lt_cv_sys_global_symbol_to_import=
lt_cv_sys_max_cmd_len=786432
lt_cv_to_host_file_cmd=func_convert_file_noop
lt_cv_to_tool_file_cmd=func_convert_file_noop
lt_cv_truncate_bin='/bin/dd bs=4096 count=1'
pkg_cv_liblo_CFLAGS=-I/usr/local/Cellar/liblo/0.31/include
pkg_cv_liblo_LIBS='-L/usr/local/Cellar/liblo/0.31/lib -llo'

## ----------------- ##
## Output variables. ##
## ----------------- ##

ACLOCAL='${SHELL} '\''/Users/jiaweisun/libmapper/missing'\'' aclocal-1.16'
AMDEPBACKSLASH='\'
AMDEP_FALSE='#'
AMDEP_TRUE=''
AMTAR='$${TAR-tar}'
AM_BACKSLASH='\'
AM_DEFAULT_V='$(AM_DEFAULT_VERBOSITY)'
AM_DEFAULT_VERBOSITY='1'
AM_V='$(V)'
AR='ar'
AS='as'
AUTOCONF='${SHELL} '\''/Users/jiaweisun/libmapper/missing'\'' autoconf'
AUTOHEADER='${SHELL} '\''/Users/jiaweisun/libmapper/missing'\'' autoheader'
AUTOMAKE='${SHELL} '\''/Users/jiaweisun/libmapper/missing'\'' automake-1.16'
AWK='awk'
CC='gcc'
CCDEPMODE='depmode=gcc3'
CFLAGS='-I. -g -O2 -DNDEBUG'
CPPFLAGS=''
CSC=''
CSCOPE='cscope'
CTAGS='ctags'
CXX='g++'
CXXCPP='g++ -E'
CXXDEPMODE='depmode=gcc3'
CXXFLAGS='-I. -g -O2 -std=c++11 -Qunused-arguments -DNDEBUG'
CYGPATH_W='echo'
DEFS='-DHAVE_CONFIG_H'
DEPDIR='.deps'
DLLTOOL='dlltool'
DOXYGEN=''
DSYMUTIL='dsymutil'
DUMPBIN=''
ECHO_C='\c'
ECHO_N=''
ECHO_T=''
EGREP='/usr/bin/grep -E'
ENABLE_THREADS_FALSE='#'
ENABLE_THREADS_TRUE=''
ETAGS='etags'
EXEEXT=''
EXTRA_LIBS_BINDINGS=''
FGREP='/usr/bin/grep -F'
GREP='/usr/bin/grep'
HAVE_AUDIO_FALSE=''
HAVE_AUDIO_TRUE='#'
HAVE_CSHARP_FALSE=''
HAVE_CSHARP_TRUE='#'
HAVE_DOXYGEN_FALSE=''
HAVE_DOXYGEN_TRUE='#'
HAVE_LAMBDA_FALSE='#'
HAVE_LAMBDA_TRUE=''
HAVE_PYTHON_FALSE='#'
HAVE_PYTHON_TRUE=''
INSTALL_DATA='${INSTALL} -m 644'
INSTALL_PROGRAM='${INSTALL}'
INSTALL_SCRIPT='${INSTALL}'
INSTALL_STRIP_PROGRAM='$(install_sh) -c -s'
JAR='/usr/bin/jar'
JAVAC='/usr/bin/javac'
JNI=''
JNIFLAGS='-I'
LD='/Applications/Xcode.app/Contents/Developer/Toolchains/XcodeDefault.xctoolchain/usr/bin/ld'
LDFLAGS=''
LIBLO='liblo'
LIBM=''
LIBOBJS=''
LIBS='-lz  '
LIBTOOL='$(SHELL) $(top_builddir)/libtool'
LIPO='lipo'
LN_S='ln -s'
LTLIBOBJS=''
LT_SYS_LIBRARY_PATH=''
MAINT='#'
MAINTAINER_MODE_FALSE=''
MAINTAINER_MODE_TRUE='#'
MAJOR_VERSION='2'
MAKEINFO='${SHELL} '\''/Users/jiaweisun/libmapper/missing'\'' makeinfo'
MANIFEST_TOOL=':'
MKDIR_P='./install-sh -c -d'
NM='/usr/bin/nm -B'
NMEDIT='nmedit'
OBJDUMP='objdump'
OBJEXT='o'
OTOOL64=':'
OTOOL='otool'
PACKAGE='libmapper'
PACKAGE_BUGREPORT='dot_mapper@googlegroups.com'
PACKAGE_NAME='libmapper'
PACKAGE_STRING='libmapper 2.1.36+g1a996b0a'
PACKAGE_TARNAME='libmapper'
PACKAGE_URL='http://libmapper.org'
PACKAGE_VERSION='2.1.36+g1a996b0a'
PATH_SEPARATOR=':'
PKG_CONFIG='/usr/local/bin/pkg-config'
PY3=''
PYEXT='so'
PYTHON='/usr/bin/python'
PYTHON_EXEC_PREFIX='${exec_prefix}'
PYTHON_PLATFORM='darwin'
PYTHON_PREFIX='${prefix}'
PYTHON_VERSION='2.7'
RANLIB='ranlib'
RTAUDIO_CFLAGS=''
RTAUDIO_LIBS=''
SED='/usr/bin/sed'
SET_MAKE=''
SHELL='/bin/sh'
SO_VERSION='9:0:0'
STRIP='strip'
TESTS_FALSE=''
TESTS_TRUE='#'
VERSION='2.1.36+g1a996b0a'
WINDOWS_DLL_FALSE=''
WINDOWS_DLL_TRUE='#'
WINDOWS_FALSE=''
WINDOWS_TRUE='#'
ac_ct_AR='ar'
ac_ct_CC='gcc'
ac_ct_CXX='g++'
ac_ct_DUMPBIN=''
am__EXEEXT_FALSE=''
am__EXEEXT_TRUE='#'
am__fastdepCC_FALSE='#'
am__fastdepCC_TRUE=''
am__fastdepCXX_FALSE='#'
am__fastdepCXX_TRUE=''
am__include='include'
am__isrc=''
am__leading_dot='.'
am__nodep='_no'
am__quote=''
am__tar='$${TAR-tar} chof - "$$tardir"'
am__untar='$${TAR-tar} xf -'
bindir='${exec_prefix}/bin'
build='x86_64-apple-darwin20.5.0'
build_alias=''
build_cpu='x86_64'
build_os='darwin20.5.0'
build_vendor='apple'
datadir='${datarootdir}'
datarootdir='${prefix}/share'
docdir='${datarootdir}/doc/${PACKAGE_TARNAME}'
dvidir='${docdir}'
exec_prefix='${prefix}'
host='x86_64-apple-darwin20.5.0'
host_alias=''
host_cpu='x86_64'
host_os='darwin20.5.0'
host_vendor='apple'
htmldir='${docdir}'
includedir='${prefix}/include'
infodir='${datarootdir}/info'
install_sh='${SHELL} /Users/jiaweisun/libmapper/install-sh'
libdir='${exec_prefix}/lib'
libexecdir='${exec_prefix}/libexec'
liblo_CFLAGS='-I/usr/local/Cellar/liblo/0.31/include'
liblo_LIBS='-L/usr/local/Cellar/liblo/0.31/lib -llo'
localedir='${datarootdir}/locale'
localstatedir='${prefix}/var'
mandir='${datarootdir}/man'
mkdir_p='$(MKDIR_P)'
oldincludedir='/usr/include'
pdfdir='${docdir}'
pkgpyexecdir='${pyexecdir}/libmapper'
pkgpythondir='${pythondir}/libmapper'
prefix='/usr/local'
program_transform_name='s,x,x,'
psdir='${docdir}'
pyexecdir='${PYTHON_EXEC_PREFIX}/lib/python2.7/site-packages'
pythondir='${PYTHON_PREFIX}/lib/python2.7/site-packages'
runstatedir='${localstatedir}/run'
sbindir='${exec_prefix}/sbin'
sharedstatedir='${prefix}/com'
sysconfdir='${prefix}/etc'
target_alias=''

## ----------- ##
## confdefs.h. ##
## ----------- ##

/* confdefs.h */
#define PACKAGE_NAME "libmapper"
#define PACKAGE_TARNAME "libmapper"
#define PACKAGE_VERSION "2.1.36+g1a996b0a"
#define PACKAGE_STRING "libmapper 2.1.36+g1a996b0a"
#define PACKAGE_BUGREPORT "dot_mapper@googlegroups.com"
#define PACKAGE_URL "http://libmapper.org"
#define PACKAGE "libmapper"
#define VERSION "2.1.36+g1a996b0a"
#define HAVE_STDIO_H 1
#define HAVE_STDLIB_H 1
#define HAVE_STRING_H 1
#define HAVE_INTTYPES_H 1
#define HAVE_STDINT_H 1
#define HAVE_STRINGS_H 1
#define HAVE_SYS_STAT_H 1
#define HAVE_SYS_TYPES_H 1
#define HAVE_UNISTD_H 1
#define STDC_HEADERS 1
#define HAVE_SYS_TIME_H 1
#define HAVE_UNISTD_H 1
#define HAVE_TERMIOS_H 1
#define HAVE_FCNTL_H 1
#define HAVE_ERRNO_H 1
#define HAVE_ARPA_INET_H 1
#define HAVE_ZLIB_H 1
#define HAVE_INTTYPES_H 1
#define HAVE_GETIFADDRS /**/
#define HAVE_GETTIMEOFDAY /**/
#define HAVE_LIBZ 1
#define HAVE_DLFCN_H 1
#define LT_OBJDIR ".libs/"
#define HAVE_LIBPTHREAD 1
#define ENABLE_THREADS 1
#define HAVE_LIBLO /**/
#define HAVE_LIBLO_SET_IFACE /**/
#define HAVE_LIBLO_SERVER_IFACE /**/
#define HAVE_LIBLO_BUNDLE_COUNT /**/
#define HAVE_LIBLO_SERVERS_RECV_NOBLOCK /**/

configure: exit 0
